<?xml version="1.0" encoding="UTF-8"?>
<testsuites>
  <testsuite name="/home/san/laravel/plugins/laravel-crud/tests" tests="91" assertions="284" errors="0" warnings="0" failures="0" skipped="0" time="2.861136">
    <testsuite name="San\Crud\Tests\Commands\CrudGenerateTest" file="/home/san/laravel/plugins/laravel-crud/tests/Commands/CrudGenerateTest.php" tests="1" assertions="37" errors="0" warnings="0" failures="0" skipped="0" time="0.234156">
      <testcase name="testHandle" class="San\Crud\Tests\Commands\CrudGenerateTest" classname="San.Crud.Tests.Commands.CrudGenerateTest" file="/home/san/laravel/plugins/laravel-crud/tests/Commands/CrudGenerateTest.php" line="11" assertions="37" time="0.234156"/>
    </testsuite>
    <testsuite name="San\Crud\Tests\Commands\CrudRemoveTest" file="/home/san/laravel/plugins/laravel-crud/tests/Commands/CrudRemoveTest.php" tests="1" assertions="10" errors="0" warnings="0" failures="0" skipped="0" time="0.093103">
      <testcase name="testHandle" class="San\Crud\Tests\Commands\CrudRemoveTest" classname="San.Crud.Tests.Commands.CrudRemoveTest" file="/home/san/laravel/plugins/laravel-crud/tests/Commands/CrudRemoveTest.php" line="10" assertions="10" time="0.093103"/>
    </testsuite>
    <testsuite name="San\Crud\Tests\Commands\CrudTemplateTest" file="/home/san/laravel/plugins/laravel-crud/tests/Commands/CrudTemplateTest.php" tests="1" assertions="4" errors="0" warnings="0" failures="0" skipped="0" time="0.038404">
      <testcase name="testHandle" class="San\Crud\Tests\Commands\CrudTemplateTest" classname="San.Crud.Tests.Commands.CrudTemplateTest" file="/home/san/laravel/plugins/laravel-crud/tests/Commands/CrudTemplateTest.php" line="10" assertions="4" time="0.038404"/>
    </testsuite>
    <testsuite name="San\Crud\Tests\Formatters\FormatterTest" file="/home/san/laravel/plugins/laravel-crud/tests/Formatters/FormatterTest.php" tests="1" assertions="3" errors="0" warnings="0" failures="0" skipped="0" time="0.029296">
      <testcase name="testFixSoftDelete" class="San\Crud\Tests\Formatters\FormatterTest" classname="San.Crud.Tests.Formatters.FormatterTest" file="/home/san/laravel/plugins/laravel-crud/tests/Formatters/FormatterTest.php" line="10" assertions="3" time="0.029296"/>
    </testsuite>
    <testsuite name="San\Crud\Tests\Generators\BaseGenTest" file="/home/san/laravel/plugins/laravel-crud/tests/Generators/BaseGenTest.php" tests="11" assertions="22" errors="0" warnings="0" failures="0" skipped="0" time="0.313104">
      <testcase name="testGetVarName" class="San\Crud\Tests\Generators\BaseGenTest" classname="San.Crud.Tests.Generators.BaseGenTest" file="/home/san/laravel/plugins/laravel-crud/tests/Generators/BaseGenTest.php" line="10" assertions="2" time="0.027422"/>
      <testcase name="testGetParentVarNamePlural" class="San\Crud\Tests\Generators\BaseGenTest" classname="San.Crud.Tests.Generators.BaseGenTest" file="/home/san/laravel/plugins/laravel-crud/tests/Generators/BaseGenTest.php" line="15" assertions="2" time="0.030757"/>
      <testcase name="testGetTitle" class="San\Crud\Tests\Generators\BaseGenTest" classname="San.Crud.Tests.Generators.BaseGenTest" file="/home/san/laravel/plugins/laravel-crud/tests/Generators/BaseGenTest.php" line="20" assertions="2" time="0.025943"/>
      <testcase name="testGetTitlePlural" class="San\Crud\Tests\Generators\BaseGenTest" classname="San.Crud.Tests.Generators.BaseGenTest" file="/home/san/laravel/plugins/laravel-crud/tests/Generators/BaseGenTest.php" line="25" assertions="2" time="0.026230"/>
      <testcase name="testGetVars" class="San\Crud\Tests\Generators\BaseGenTest" classname="San.Crud.Tests.Generators.BaseGenTest" file="/home/san/laravel/plugins/laravel-crud/tests/Generators/BaseGenTest.php" line="30" assertions="2" time="0.027015"/>
      <testcase name="testMainTable" class="San\Crud\Tests\Generators\BaseGenTest" classname="San.Crud.Tests.Generators.BaseGenTest" file="/home/san/laravel/plugins/laravel-crud/tests/Generators/BaseGenTest.php" line="36" assertions="2" time="0.025825"/>
      <testcase name="testGetVarNamePlural" class="San\Crud\Tests\Generators\BaseGenTest" classname="San.Crud.Tests.Generators.BaseGenTest" file="/home/san/laravel/plugins/laravel-crud/tests/Generators/BaseGenTest.php" line="41" assertions="2" time="0.026476"/>
      <testcase name="testHasParentTable" class="San\Crud\Tests\Generators\BaseGenTest" classname="San.Crud.Tests.Generators.BaseGenTest" file="/home/san/laravel/plugins/laravel-crud/tests/Generators/BaseGenTest.php" line="46" assertions="2" time="0.026221"/>
      <testcase name="testParentTable" class="San\Crud\Tests\Generators\BaseGenTest" classname="San.Crud.Tests.Generators.BaseGenTest" file="/home/san/laravel/plugins/laravel-crud/tests/Generators/BaseGenTest.php" line="51" assertions="2" time="0.030883"/>
      <testcase name="testParentTables" class="San\Crud\Tests\Generators\BaseGenTest" classname="San.Crud.Tests.Generators.BaseGenTest" file="/home/san/laravel/plugins/laravel-crud/tests/Generators/BaseGenTest.php" line="56" assertions="2" time="0.032883"/>
      <testcase name="testGetParentVarName" class="San\Crud\Tests\Generators\BaseGenTest" classname="San.Crud.Tests.Generators.BaseGenTest" file="/home/san/laravel/plugins/laravel-crud/tests/Generators/BaseGenTest.php" line="61" assertions="2" time="0.033451"/>
    </testsuite>
    <testsuite name="San\Crud\Tests\Generators\ControllerGenTest" file="/home/san/laravel/plugins/laravel-crud/tests/Generators/ControllerGenTest.php" tests="17" assertions="43" errors="0" warnings="0" failures="0" skipped="0" time="0.518746">
      <testcase name="testGetIndexVars" class="San\Crud\Tests\Generators\ControllerGenTest" classname="San.Crud.Tests.Generators.ControllerGenTest" file="/home/san/laravel/plugins/laravel-crud/tests/Generators/ControllerGenTest.php" line="10" assertions="2" time="0.034490"/>
      <testcase name="testGetWith" class="San\Crud\Tests\Generators\ControllerGenTest" classname="San.Crud.Tests.Generators.ControllerGenTest" file="/home/san/laravel/plugins/laravel-crud/tests/Generators/ControllerGenTest.php" line="16" assertions="2" time="0.035340"/>
      <testcase name="testGetControllerAllArgs" class="San\Crud\Tests\Generators\ControllerGenTest" classname="San.Crud.Tests.Generators.ControllerGenTest" file="/home/san/laravel/plugins/laravel-crud/tests/Generators/ControllerGenTest.php" line="22" assertions="2" time="0.032003"/>
      <testcase name="testGetSearch" class="San\Crud\Tests\Generators\ControllerGenTest" classname="San.Crud.Tests.Generators.ControllerGenTest" file="/home/san/laravel/plugins/laravel-crud/tests/Generators/ControllerGenTest.php" line="28" assertions="2" time="0.035634"/>
      <testcase name="testGetValidations" class="San\Crud\Tests\Generators\ControllerGenTest" classname="San.Crud.Tests.Generators.ControllerGenTest" file="/home/san/laravel/plugins/laravel-crud/tests/Generators/ControllerGenTest.php" line="34" assertions="2" time="0.032760"/>
      <testcase name="testGetQuery" class="San\Crud\Tests\Generators\ControllerGenTest" classname="San.Crud.Tests.Generators.ControllerGenTest" file="/home/san/laravel/plugins/laravel-crud/tests/Generators/ControllerGenTest.php" line="40" assertions="3" time="0.030444"/>
      <testcase name="testGetControllerArgs" class="San\Crud\Tests\Generators\ControllerGenTest" classname="San.Crud.Tests.Generators.ControllerGenTest" file="/home/san/laravel/plugins/laravel-crud/tests/Generators/ControllerGenTest.php" line="47" assertions="2" time="0.028261"/>
      <testcase name="testGetParentVars" class="San\Crud\Tests\Generators\ControllerGenTest" classname="San.Crud.Tests.Generators.ControllerGenTest" file="/home/san/laravel/plugins/laravel-crud/tests/Generators/ControllerGenTest.php" line="53" assertions="2" time="0.028901"/>
      <testcase name="testGetControllerName" class="San\Crud\Tests\Generators\ControllerGenTest" classname="San.Crud.Tests.Generators.ControllerGenTest" file="/home/san/laravel/plugins/laravel-crud/tests/Generators/ControllerGenTest.php" line="59" assertions="2" time="0.030509"/>
      <testcase name="testGetCreateVars" class="San\Crud\Tests\Generators\ControllerGenTest" classname="San.Crud.Tests.Generators.ControllerGenTest" file="/home/san/laravel/plugins/laravel-crud/tests/Generators/ControllerGenTest.php" line="65" assertions="3" time="0.032192"/>
      <testcase name="testGetSelects" class="San\Crud\Tests\Generators\ControllerGenTest" classname="San.Crud.Tests.Generators.ControllerGenTest" file="/home/san/laravel/plugins/laravel-crud/tests/Generators/ControllerGenTest.php" line="77" assertions="3" time="0.031426"/>
      <testcase name="testGetEditVars" class="San\Crud\Tests\Generators\ControllerGenTest" classname="San.Crud.Tests.Generators.ControllerGenTest" file="/home/san/laravel/plugins/laravel-crud/tests/Generators/ControllerGenTest.php" line="89" assertions="3" time="0.030419"/>
      <testcase name="testGetStore" class="San\Crud\Tests\Generators\ControllerGenTest" classname="San.Crud.Tests.Generators.ControllerGenTest" file="/home/san/laravel/plugins/laravel-crud/tests/Generators/ControllerGenTest.php" line="101" assertions="5" time="0.030583"/>
      <testcase name="testGetAllVars" class="San\Crud\Tests\Generators\ControllerGenTest" classname="San.Crud.Tests.Generators.ControllerGenTest" file="/home/san/laravel/plugins/laravel-crud/tests/Generators/ControllerGenTest.php" line="123" assertions="3" time="0.026222"/>
      <testcase name="testGetPager" class="San\Crud\Tests\Generators\ControllerGenTest" classname="San.Crud.Tests.Generators.ControllerGenTest" file="/home/san/laravel/plugins/laravel-crud/tests/Generators/ControllerGenTest.php" line="133" assertions="2" time="0.026732"/>
      <testcase name="testGetControllerParentArgs" class="San\Crud\Tests\Generators\ControllerGenTest" classname="San.Crud.Tests.Generators.ControllerGenTest" file="/home/san/laravel/plugins/laravel-crud/tests/Generators/ControllerGenTest.php" line="139" assertions="3" time="0.026015"/>
      <testcase name="testGetFindById" class="San\Crud\Tests\Generators\ControllerGenTest" classname="San.Crud.Tests.Generators.ControllerGenTest" file="/home/san/laravel/plugins/laravel-crud/tests/Generators/ControllerGenTest.php" line="149" assertions="2" time="0.026815"/>
    </testsuite>
    <testsuite name="San\Crud\Tests\Generators\ModelGenTest" file="/home/san/laravel/plugins/laravel-crud/tests/Generators/ModelGenTest.php" tests="7" assertions="16" errors="0" warnings="0" failures="0" skipped="0" time="0.196884">
      <testcase name="testGetHasMany" class="San\Crud\Tests\Generators\ModelGenTest" classname="San.Crud.Tests.Generators.ModelGenTest" file="/home/san/laravel/plugins/laravel-crud/tests/Generators/ModelGenTest.php" line="10" assertions="2" time="0.030462"/>
      <testcase name="testGetCasts" class="San\Crud\Tests\Generators\ModelGenTest" classname="San.Crud.Tests.Generators.ModelGenTest" file="/home/san/laravel/plugins/laravel-crud/tests/Generators/ModelGenTest.php" line="16" assertions="2" time="0.026343"/>
      <testcase name="testGetFillable" class="San\Crud\Tests\Generators\ModelGenTest" classname="San.Crud.Tests.Generators.ModelGenTest" file="/home/san/laravel/plugins/laravel-crud/tests/Generators/ModelGenTest.php" line="28" assertions="3" time="0.033280"/>
      <testcase name="testGetModelName" class="San\Crud\Tests\Generators\ModelGenTest" classname="San.Crud.Tests.Generators.ModelGenTest" file="/home/san/laravel/plugins/laravel-crud/tests/Generators/ModelGenTest.php" line="38" assertions="2" time="0.025583"/>
      <testcase name="testGetBelongsTo" class="San\Crud\Tests\Generators\ModelGenTest" classname="San.Crud.Tests.Generators.ModelGenTest" file="/home/san/laravel/plugins/laravel-crud/tests/Generators/ModelGenTest.php" line="44" assertions="2" time="0.027574"/>
      <testcase name="testGetSoftDelete" class="San\Crud\Tests\Generators\ModelGenTest" classname="San.Crud.Tests.Generators.ModelGenTest" file="/home/san/laravel/plugins/laravel-crud/tests/Generators/ModelGenTest.php" line="50" assertions="3" time="0.027193"/>
      <testcase name="testGetUsesModels" class="San\Crud\Tests\Generators\ModelGenTest" classname="San.Crud.Tests.Generators.ModelGenTest" file="/home/san/laravel/plugins/laravel-crud/tests/Generators/ModelGenTest.php" line="60" assertions="2" time="0.026449"/>
    </testsuite>
    <testsuite name="San\Crud\Tests\Generators\PolicyGenTest" file="/home/san/laravel/plugins/laravel-crud/tests/Generators/PolicyGenTest.php" tests="12" assertions="24" errors="0" warnings="0" failures="0" skipped="0" time="0.315877">
      <testcase name="testGetUsesPolicies" class="San\Crud\Tests\Generators\PolicyGenTest" classname="San.Crud.Tests.Generators.PolicyGenTest" file="/home/san/laravel/plugins/laravel-crud/tests/Generators/PolicyGenTest.php" line="10" assertions="2" time="0.026660"/>
      <testcase name="testGetControllerPolicy" class="San\Crud\Tests\Generators\PolicyGenTest" classname="San.Crud.Tests.Generators.PolicyGenTest" file="/home/san/laravel/plugins/laravel-crud/tests/Generators/PolicyGenTest.php" line="16" assertions="2" time="0.026460"/>
      <testcase name="testGetPolicyWriteArgs" class="San\Crud\Tests\Generators\PolicyGenTest" classname="San.Crud.Tests.Generators.PolicyGenTest" file="/home/san/laravel/plugins/laravel-crud/tests/Generators/PolicyGenTest.php" line="22" assertions="2" time="0.026130"/>
      <testcase name="testGetPolicyReadArgs" class="San\Crud\Tests\Generators\PolicyGenTest" classname="San.Crud.Tests.Generators.PolicyGenTest" file="/home/san/laravel/plugins/laravel-crud/tests/Generators/PolicyGenTest.php" line="28" assertions="2" time="0.026141"/>
      <testcase name="testGetPolicyReadRules" class="San\Crud\Tests\Generators\PolicyGenTest" classname="San.Crud.Tests.Generators.PolicyGenTest" file="/home/san/laravel/plugins/laravel-crud/tests/Generators/PolicyGenTest.php" line="34" assertions="2" time="0.025689"/>
      <testcase name="testGetParentAuthorization" class="San\Crud\Tests\Generators\PolicyGenTest" classname="San.Crud.Tests.Generators.PolicyGenTest" file="/home/san/laravel/plugins/laravel-crud/tests/Generators/PolicyGenTest.php" line="41" assertions="2" time="0.026294"/>
      <testcase name="testGetPolicyRules" class="San\Crud\Tests\Generators\PolicyGenTest" classname="San.Crud.Tests.Generators.PolicyGenTest" file="/home/san/laravel/plugins/laravel-crud/tests/Generators/PolicyGenTest.php" line="47" assertions="2" time="0.026799"/>
      <testcase name="testGetPolicyWriteRules" class="San\Crud\Tests\Generators\PolicyGenTest" classname="San.Crud.Tests.Generators.PolicyGenTest" file="/home/san/laravel/plugins/laravel-crud/tests/Generators/PolicyGenTest.php" line="53" assertions="2" time="0.026901"/>
      <testcase name="testGetModelAuthorization" class="San\Crud\Tests\Generators\PolicyGenTest" classname="San.Crud.Tests.Generators.PolicyGenTest" file="/home/san/laravel/plugins/laravel-crud/tests/Generators/PolicyGenTest.php" line="59" assertions="2" time="0.026057"/>
      <testcase name="testGetPolicyAuthorization" class="San\Crud\Tests\Generators\PolicyGenTest" classname="San.Crud.Tests.Generators.PolicyGenTest" file="/home/san/laravel/plugins/laravel-crud/tests/Generators/PolicyGenTest.php" line="65" assertions="2" time="0.026160"/>
      <testcase name="testGetPolicyName" class="San\Crud\Tests\Generators\PolicyGenTest" classname="San.Crud.Tests.Generators.PolicyGenTest" file="/home/san/laravel/plugins/laravel-crud/tests/Generators/PolicyGenTest.php" line="71" assertions="2" time="0.026828"/>
      <testcase name="testGetPolicyArgs" class="San\Crud\Tests\Generators\PolicyGenTest" classname="San.Crud.Tests.Generators.PolicyGenTest" file="/home/san/laravel/plugins/laravel-crud/tests/Generators/PolicyGenTest.php" line="77" assertions="2" time="0.025755"/>
    </testsuite>
    <testsuite name="San\Crud\Tests\Generators\RouteGenTest" file="/home/san/laravel/plugins/laravel-crud/tests/Generators/RouteGenTest.php" tests="11" assertions="32" errors="0" warnings="0" failures="0" skipped="0" time="0.294516">
      <testcase name="testGetRouteUrlWithPlaceholders" class="San\Crud\Tests\Generators\RouteGenTest" classname="San.Crud.Tests.Generators.RouteGenTest" file="/home/san/laravel/plugins/laravel-crud/tests/Generators/RouteGenTest.php" line="10" assertions="2" time="0.026590"/>
      <testcase name="testGetParentRouteName" class="San\Crud\Tests\Generators\RouteGenTest" classname="San.Crud.Tests.Generators.RouteGenTest" file="/home/san/laravel/plugins/laravel-crud/tests/Generators/RouteGenTest.php" line="16" assertions="3" time="0.026168"/>
      <testcase name="testGetRouteName" class="San\Crud\Tests\Generators\RouteGenTest" classname="San.Crud.Tests.Generators.RouteGenTest" file="/home/san/laravel/plugins/laravel-crud/tests/Generators/RouteGenTest.php" line="26" assertions="3" time="0.025942"/>
      <testcase name="testGetRouteUrl" class="San\Crud\Tests\Generators\RouteGenTest" classname="San.Crud.Tests.Generators.RouteGenTest" file="/home/san/laravel/plugins/laravel-crud/tests/Generators/RouteGenTest.php" line="36" assertions="3" time="0.026808"/>
      <testcase name="testGetParentRouteUrlWithPlaceholders" class="San\Crud\Tests\Generators\RouteGenTest" classname="San.Crud.Tests.Generators.RouteGenTest" file="/home/san/laravel/plugins/laravel-crud/tests/Generators/RouteGenTest.php" line="46" assertions="3" time="0.026893"/>
      <testcase name="testGetRouteVars" class="San\Crud\Tests\Generators\RouteGenTest" classname="San.Crud.Tests.Generators.RouteGenTest" file="/home/san/laravel/plugins/laravel-crud/tests/Generators/RouteGenTest.php" line="56" assertions="3" time="0.026736"/>
      <testcase name="testGetRouteUrlWithId" class="San\Crud\Tests\Generators\RouteGenTest" classname="San.Crud.Tests.Generators.RouteGenTest" file="/home/san/laravel/plugins/laravel-crud/tests/Generators/RouteGenTest.php" line="66" assertions="3" time="0.027020"/>
      <testcase name="testGetParentRouteUrl" class="San\Crud\Tests\Generators\RouteGenTest" classname="San.Crud.Tests.Generators.RouteGenTest" file="/home/san/laravel/plugins/laravel-crud/tests/Generators/RouteGenTest.php" line="76" assertions="3" time="0.026775"/>
      <testcase name="testGetRouteVarsWithId" class="San\Crud\Tests\Generators\RouteGenTest" classname="San.Crud.Tests.Generators.RouteGenTest" file="/home/san/laravel/plugins/laravel-crud/tests/Generators/RouteGenTest.php" line="86" assertions="3" time="0.027914"/>
      <testcase name="testGetAsRoute" class="San\Crud\Tests\Generators\RouteGenTest" classname="San.Crud.Tests.Generators.RouteGenTest" file="/home/san/laravel/plugins/laravel-crud/tests/Generators/RouteGenTest.php" line="96" assertions="3" time="0.027157"/>
      <testcase name="testGetUrlWithPlaceholders" class="San\Crud\Tests\Generators\RouteGenTest" classname="San.Crud.Tests.Generators.RouteGenTest" file="/home/san/laravel/plugins/laravel-crud/tests/Generators/RouteGenTest.php" line="106" assertions="3" time="0.026513"/>
    </testsuite>
    <testsuite name="San\Crud\Tests\Generators\TemplatesTest" file="/home/san/laravel/plugins/laravel-crud/tests/Generators/TemplatesTest.php" tests="4" assertions="9" errors="0" warnings="0" failures="0" skipped="0" time="0.114635">
      <testcase name="testInvalidPath" class="San\Crud\Tests\Generators\TemplatesTest" classname="San.Crud.Tests.Generators.TemplatesTest" file="/home/san/laravel/plugins/laravel-crud/tests/Generators/TemplatesTest.php" line="9" assertions="2" time="0.027466"/>
      <testcase name="testGetStubs" class="San\Crud\Tests\Generators\TemplatesTest" classname="San.Crud.Tests.Generators.TemplatesTest" file="/home/san/laravel/plugins/laravel-crud/tests/Generators/TemplatesTest.php" line="14" assertions="2" time="0.028142"/>
      <testcase name="testGetFirstStub" class="San\Crud\Tests\Generators\TemplatesTest" classname="San.Crud.Tests.Generators.TemplatesTest" file="/home/san/laravel/plugins/laravel-crud/tests/Generators/TemplatesTest.php" line="20" assertions="2" time="0.032335"/>
      <testcase name="testGetDest" class="San\Crud\Tests\Generators\TemplatesTest" classname="San.Crud.Tests.Generators.TemplatesTest" file="/home/san/laravel/plugins/laravel-crud/tests/Generators/TemplatesTest.php" line="26" assertions="3" time="0.026692"/>
    </testsuite>
    <testsuite name="San\Crud\Tests\Generators\ViewGenTest" file="/home/san/laravel/plugins/laravel-crud/tests/Generators/ViewGenTest.php" tests="3" assertions="15" errors="0" warnings="0" failures="0" skipped="0" time="0.121924">
      <testcase name="testGenIndex" class="San\Crud\Tests\Generators\ViewGenTest" classname="San.Crud.Tests.Generators.ViewGenTest" file="/home/san/laravel/plugins/laravel-crud/tests/Generators/ViewGenTest.php" line="17" assertions="5" time="0.037328"/>
      <testcase name="testGenForm" class="San\Crud\Tests\Generators\ViewGenTest" classname="San.Crud.Tests.Generators.ViewGenTest" file="/home/san/laravel/plugins/laravel-crud/tests/Generators/ViewGenTest.php" line="29" assertions="3" time="0.029705"/>
      <testcase name="testGetBreadcrumbs" class="San\Crud\Tests\Generators\ViewGenTest" classname="San.Crud.Tests.Generators.ViewGenTest" file="/home/san/laravel/plugins/laravel-crud/tests/Generators/ViewGenTest.php" line="37" assertions="7" time="0.054891"/>
    </testsuite>
    <testsuite name="San\Crud\Tests\Utils\FileUtilsTest" file="/home/san/laravel/plugins/laravel-crud/tests/Utils/FileUtilsTest.php" tests="3" assertions="9" errors="0" warnings="0" failures="0" skipped="0" time="0.080165">
      <testcase name="testGetFiles" class="San\Crud\Tests\Utils\FileUtilsTest" classname="San.Crud.Tests.Utils.FileUtilsTest" file="/home/san/laravel/plugins/laravel-crud/tests/Utils/FileUtilsTest.php" line="10" assertions="3" time="0.026612"/>
      <testcase name="testRecursiveCopy" class="San\Crud\Tests\Utils\FileUtilsTest" classname="San.Crud.Tests.Utils.FileUtilsTest" file="/home/san/laravel/plugins/laravel-crud/tests/Utils/FileUtilsTest.php" line="16" assertions="3" time="0.027306"/>
      <testcase name="testWriteFile" class="San\Crud\Tests\Utils\FileUtilsTest" classname="San.Crud.Tests.Utils.FileUtilsTest" file="/home/san/laravel/plugins/laravel-crud/tests/Utils/FileUtilsTest.php" line="28" assertions="3" time="0.026247"/>
    </testsuite>
    <testsuite name="San\Crud\Tests\Utils\NameUtilsTest" file="/home/san/laravel/plugins/laravel-crud/tests/Utils/NameUtilsTest.php" tests="8" assertions="25" errors="0" warnings="0" failures="0" skipped="0" time="0.211575">
      <testcase name="testGetVariableNamePlural" class="San\Crud\Tests\Utils\NameUtilsTest" classname="San.Crud.Tests.Utils.NameUtilsTest" file="/home/san/laravel/plugins/laravel-crud/tests/Utils/NameUtilsTest.php" line="10" assertions="3" time="0.027222"/>
      <testcase name="testGetVariableName" class="San\Crud\Tests\Utils\NameUtilsTest" classname="San.Crud.Tests.Utils.NameUtilsTest" file="/home/san/laravel/plugins/laravel-crud/tests/Utils/NameUtilsTest.php" line="15" assertions="3" time="0.026646"/>
      <testcase name="testGetPolicyName" class="San\Crud\Tests\Utils\NameUtilsTest" classname="San.Crud.Tests.Utils.NameUtilsTest" file="/home/san/laravel/plugins/laravel-crud/tests/Utils/NameUtilsTest.php" line="20" assertions="3" time="0.026307"/>
      <testcase name="testStudlyCase" class="San\Crud\Tests\Utils\NameUtilsTest" classname="San.Crud.Tests.Utils.NameUtilsTest" file="/home/san/laravel/plugins/laravel-crud/tests/Utils/NameUtilsTest.php" line="25" assertions="3" time="0.025581"/>
      <testcase name="testGetModelName" class="San\Crud\Tests\Utils\NameUtilsTest" classname="San.Crud.Tests.Utils.NameUtilsTest" file="/home/san/laravel/plugins/laravel-crud/tests/Utils/NameUtilsTest.php" line="30" assertions="3" time="0.026169"/>
      <testcase name="testGetControllerName" class="San\Crud\Tests\Utils\NameUtilsTest" classname="San.Crud.Tests.Utils.NameUtilsTest" file="/home/san/laravel/plugins/laravel-crud/tests/Utils/NameUtilsTest.php" line="35" assertions="3" time="0.026041"/>
      <testcase name="testTitleCase" class="San\Crud\Tests\Utils\NameUtilsTest" classname="San.Crud.Tests.Utils.NameUtilsTest" file="/home/san/laravel/plugins/laravel-crud/tests/Utils/NameUtilsTest.php" line="40" assertions="3" time="0.026541"/>
      <testcase name="testGetRouteName" class="San\Crud\Tests\Utils\NameUtilsTest" classname="San.Crud.Tests.Utils.NameUtilsTest" file="/home/san/laravel/plugins/laravel-crud/tests/Utils/NameUtilsTest.php" line="45" assertions="4" time="0.027067"/>
    </testsuite>
    <testsuite name="San\Crud\Tests\Utils\RouteUtilsTest" file="/home/san/laravel/plugins/laravel-crud/tests/Utils/RouteUtilsTest.php" tests="1" assertions="3" errors="0" warnings="0" failures="0" skipped="0" time="0.027419">
      <testcase name="testMakeRoute" class="San\Crud\Tests\Utils\RouteUtilsTest" classname="San.Crud.Tests.Utils.RouteUtilsTest" file="/home/san/laravel/plugins/laravel-crud/tests/Utils/RouteUtilsTest.php" line="11" assertions="3" time="0.027419"/>
    </testsuite>
    <testsuite name="San\Crud\Tests\Utils\SchemaUtilsTest" file="/home/san/laravel/plugins/laravel-crud/tests/Utils/SchemaUtilsTest.php" tests="8" assertions="27" errors="0" warnings="0" failures="0" skipped="0" time="0.218372">
      <testcase name="testHasTimestamps" class="San\Crud\Tests\Utils\SchemaUtilsTest" classname="San.Crud.Tests.Utils.SchemaUtilsTest" file="/home/san/laravel/plugins/laravel-crud/tests/Utils/SchemaUtilsTest.php" line="9" assertions="3" time="0.027267"/>
      <testcase name="testFirstHumanReadableField" class="San\Crud\Tests\Utils\SchemaUtilsTest" classname="San.Crud.Tests.Utils.SchemaUtilsTest" file="/home/san/laravel/plugins/laravel-crud/tests/Utils/SchemaUtilsTest.php" line="14" assertions="2" time="0.027563"/>
      <testcase name="testHasTable" class="San\Crud\Tests\Utils\SchemaUtilsTest" classname="San.Crud.Tests.Utils.SchemaUtilsTest" file="/home/san/laravel/plugins/laravel-crud/tests/Utils/SchemaUtilsTest.php" line="18" assertions="3" time="0.026596"/>
      <testcase name="testGetTables" class="San\Crud\Tests\Utils\SchemaUtilsTest" classname="San.Crud.Tests.Utils.SchemaUtilsTest" file="/home/san/laravel/plugins/laravel-crud/tests/Utils/SchemaUtilsTest.php" line="23" assertions="5" time="0.027766"/>
      <testcase name="testGetTableFields" class="San\Crud\Tests\Utils\SchemaUtilsTest" classname="San.Crud.Tests.Utils.SchemaUtilsTest" file="/home/san/laravel/plugins/laravel-crud/tests/Utils/SchemaUtilsTest.php" line="31" assertions="5" time="0.027875"/>
      <testcase name="testGetTableFieldsWithIds" class="San\Crud\Tests\Utils\SchemaUtilsTest" classname="San.Crud.Tests.Utils.SchemaUtilsTest" file="/home/san/laravel/plugins/laravel-crud/tests/Utils/SchemaUtilsTest.php" line="41" assertions="4" time="0.027964"/>
      <testcase name="testGetUserIdField" class="San\Crud\Tests\Utils\SchemaUtilsTest" classname="San.Crud.Tests.Utils.SchemaUtilsTest" file="/home/san/laravel/plugins/laravel-crud/tests/Utils/SchemaUtilsTest.php" line="49" assertions="2" time="0.026529"/>
      <testcase name="testHasSoftDelete" class="San\Crud\Tests\Utils\SchemaUtilsTest" classname="San.Crud.Tests.Utils.SchemaUtilsTest" file="/home/san/laravel/plugins/laravel-crud/tests/Utils/SchemaUtilsTest.php" line="53" assertions="3" time="0.026812"/>
    </testsuite>
    <testsuite name="San\Crud\Tests\Utils\TextUtilsTest" file="/home/san/laravel/plugins/laravel-crud/tests/Utils/TextUtilsTest.php" tests="2" assertions="5" errors="0" warnings="0" failures="0" skipped="0" time="0.052958">
      <testcase name="testReplaceBlanks" class="San\Crud\Tests\Utils\TextUtilsTest" classname="San.Crud.Tests.Utils.TextUtilsTest" file="/home/san/laravel/plugins/laravel-crud/tests/Utils/TextUtilsTest.php" line="10" assertions="3" time="0.026478"/>
      <testcase name="testArrayExport" class="San\Crud\Tests\Utils\TextUtilsTest" classname="San.Crud.Tests.Utils.TextUtilsTest" file="/home/san/laravel/plugins/laravel-crud/tests/Utils/TextUtilsTest.php" line="18" assertions="2" time="0.026480"/>
    </testsuite>
  </testsuite>
</testsuites>
