<?xml version="1.0" encoding="UTF-8"?>
<testsuites>
  <testsuite name="/home/san/laravel/plugins/laravel-crud/tests" tests="87" assertions="261" errors="0" warnings="0" failures="0" skipped="0" time="2.525086">
    <testsuite name="San\Crud\Tests\Commands\MakeCrudTest" file="/home/san/laravel/plugins/laravel-crud/tests/Commands/MakeCrudTest.php" tests="1" assertions="37" errors="0" warnings="0" failures="0" skipped="0" time="0.178096">
      <testcase name="testHandle" class="San\Crud\Tests\Commands\MakeCrudTest" classname="San.Crud.Tests.Commands.MakeCrudTest" file="/home/san/laravel/plugins/laravel-crud/tests/Commands/MakeCrudTest.php" line="11" assertions="37" time="0.178096"/>
    </testsuite>
    <testsuite name="San\Crud\Tests\Formatters\FormatterTest" file="/home/san/laravel/plugins/laravel-crud/tests/Formatters/FormatterTest.php" tests="1" assertions="3" errors="0" warnings="0" failures="0" skipped="0" time="0.025907">
      <testcase name="testFixSoftDelete" class="San\Crud\Tests\Formatters\FormatterTest" classname="San.Crud.Tests.Formatters.FormatterTest" file="/home/san/laravel/plugins/laravel-crud/tests/Formatters/FormatterTest.php" line="10" assertions="3" time="0.025907"/>
    </testsuite>
    <testsuite name="San\Crud\Tests\Generators\BaseGenTest" file="/home/san/laravel/plugins/laravel-crud/tests/Generators/BaseGenTest.php" tests="11" assertions="22" errors="0" warnings="0" failures="0" skipped="0" time="0.291261">
      <testcase name="testGetVarName" class="San\Crud\Tests\Generators\BaseGenTest" classname="San.Crud.Tests.Generators.BaseGenTest" file="/home/san/laravel/plugins/laravel-crud/tests/Generators/BaseGenTest.php" line="10" assertions="2" time="0.028405"/>
      <testcase name="testGetParentVarNamePlural" class="San\Crud\Tests\Generators\BaseGenTest" classname="San.Crud.Tests.Generators.BaseGenTest" file="/home/san/laravel/plugins/laravel-crud/tests/Generators/BaseGenTest.php" line="15" assertions="2" time="0.026330"/>
      <testcase name="testGetTitle" class="San\Crud\Tests\Generators\BaseGenTest" classname="San.Crud.Tests.Generators.BaseGenTest" file="/home/san/laravel/plugins/laravel-crud/tests/Generators/BaseGenTest.php" line="20" assertions="2" time="0.026308"/>
      <testcase name="testGetTitlePlural" class="San\Crud\Tests\Generators\BaseGenTest" classname="San.Crud.Tests.Generators.BaseGenTest" file="/home/san/laravel/plugins/laravel-crud/tests/Generators/BaseGenTest.php" line="25" assertions="2" time="0.026115"/>
      <testcase name="testGetVars" class="San\Crud\Tests\Generators\BaseGenTest" classname="San.Crud.Tests.Generators.BaseGenTest" file="/home/san/laravel/plugins/laravel-crud/tests/Generators/BaseGenTest.php" line="30" assertions="2" time="0.025531"/>
      <testcase name="testMainTable" class="San\Crud\Tests\Generators\BaseGenTest" classname="San.Crud.Tests.Generators.BaseGenTest" file="/home/san/laravel/plugins/laravel-crud/tests/Generators/BaseGenTest.php" line="36" assertions="2" time="0.026053"/>
      <testcase name="testGetVarNamePlural" class="San\Crud\Tests\Generators\BaseGenTest" classname="San.Crud.Tests.Generators.BaseGenTest" file="/home/san/laravel/plugins/laravel-crud/tests/Generators/BaseGenTest.php" line="41" assertions="2" time="0.026102"/>
      <testcase name="testHasParentTable" class="San\Crud\Tests\Generators\BaseGenTest" classname="San.Crud.Tests.Generators.BaseGenTest" file="/home/san/laravel/plugins/laravel-crud/tests/Generators/BaseGenTest.php" line="46" assertions="2" time="0.026655"/>
      <testcase name="testParentTable" class="San\Crud\Tests\Generators\BaseGenTest" classname="San.Crud.Tests.Generators.BaseGenTest" file="/home/san/laravel/plugins/laravel-crud/tests/Generators/BaseGenTest.php" line="51" assertions="2" time="0.026340"/>
      <testcase name="testParentTables" class="San\Crud\Tests\Generators\BaseGenTest" classname="San.Crud.Tests.Generators.BaseGenTest" file="/home/san/laravel/plugins/laravel-crud/tests/Generators/BaseGenTest.php" line="56" assertions="2" time="0.027023"/>
      <testcase name="testGetParentVarName" class="San\Crud\Tests\Generators\BaseGenTest" classname="San.Crud.Tests.Generators.BaseGenTest" file="/home/san/laravel/plugins/laravel-crud/tests/Generators/BaseGenTest.php" line="61" assertions="2" time="0.026399"/>
    </testsuite>
    <testsuite name="San\Crud\Tests\Generators\ControllerGenTest" file="/home/san/laravel/plugins/laravel-crud/tests/Generators/ControllerGenTest.php" tests="17" assertions="43" errors="0" warnings="0" failures="0" skipped="0" time="0.467185">
      <testcase name="testGetIndexVars" class="San\Crud\Tests\Generators\ControllerGenTest" classname="San.Crud.Tests.Generators.ControllerGenTest" file="/home/san/laravel/plugins/laravel-crud/tests/Generators/ControllerGenTest.php" line="10" assertions="2" time="0.026445"/>
      <testcase name="testGetWith" class="San\Crud\Tests\Generators\ControllerGenTest" classname="San.Crud.Tests.Generators.ControllerGenTest" file="/home/san/laravel/plugins/laravel-crud/tests/Generators/ControllerGenTest.php" line="16" assertions="2" time="0.028114"/>
      <testcase name="testGetControllerAllArgs" class="San\Crud\Tests\Generators\ControllerGenTest" classname="San.Crud.Tests.Generators.ControllerGenTest" file="/home/san/laravel/plugins/laravel-crud/tests/Generators/ControllerGenTest.php" line="22" assertions="2" time="0.027121"/>
      <testcase name="testGetSearch" class="San\Crud\Tests\Generators\ControllerGenTest" classname="San.Crud.Tests.Generators.ControllerGenTest" file="/home/san/laravel/plugins/laravel-crud/tests/Generators/ControllerGenTest.php" line="28" assertions="2" time="0.028115"/>
      <testcase name="testGetValidations" class="San\Crud\Tests\Generators\ControllerGenTest" classname="San.Crud.Tests.Generators.ControllerGenTest" file="/home/san/laravel/plugins/laravel-crud/tests/Generators/ControllerGenTest.php" line="34" assertions="2" time="0.027795"/>
      <testcase name="testGetQuery" class="San\Crud\Tests\Generators\ControllerGenTest" classname="San.Crud.Tests.Generators.ControllerGenTest" file="/home/san/laravel/plugins/laravel-crud/tests/Generators/ControllerGenTest.php" line="40" assertions="3" time="0.026879"/>
      <testcase name="testGetControllerArgs" class="San\Crud\Tests\Generators\ControllerGenTest" classname="San.Crud.Tests.Generators.ControllerGenTest" file="/home/san/laravel/plugins/laravel-crud/tests/Generators/ControllerGenTest.php" line="47" assertions="2" time="0.026793"/>
      <testcase name="testGetParentVars" class="San\Crud\Tests\Generators\ControllerGenTest" classname="San.Crud.Tests.Generators.ControllerGenTest" file="/home/san/laravel/plugins/laravel-crud/tests/Generators/ControllerGenTest.php" line="53" assertions="2" time="0.026912"/>
      <testcase name="testGetControllerName" class="San\Crud\Tests\Generators\ControllerGenTest" classname="San.Crud.Tests.Generators.ControllerGenTest" file="/home/san/laravel/plugins/laravel-crud/tests/Generators/ControllerGenTest.php" line="59" assertions="2" time="0.026994"/>
      <testcase name="testGetCreateVars" class="San\Crud\Tests\Generators\ControllerGenTest" classname="San.Crud.Tests.Generators.ControllerGenTest" file="/home/san/laravel/plugins/laravel-crud/tests/Generators/ControllerGenTest.php" line="65" assertions="3" time="0.027913"/>
      <testcase name="testGetSelects" class="San\Crud\Tests\Generators\ControllerGenTest" classname="San.Crud.Tests.Generators.ControllerGenTest" file="/home/san/laravel/plugins/laravel-crud/tests/Generators/ControllerGenTest.php" line="77" assertions="3" time="0.029135"/>
      <testcase name="testGetEditVars" class="San\Crud\Tests\Generators\ControllerGenTest" classname="San.Crud.Tests.Generators.ControllerGenTest" file="/home/san/laravel/plugins/laravel-crud/tests/Generators/ControllerGenTest.php" line="89" assertions="3" time="0.028277"/>
      <testcase name="testGetStore" class="San\Crud\Tests\Generators\ControllerGenTest" classname="San.Crud.Tests.Generators.ControllerGenTest" file="/home/san/laravel/plugins/laravel-crud/tests/Generators/ControllerGenTest.php" line="101" assertions="5" time="0.028711"/>
      <testcase name="testGetAllVars" class="San\Crud\Tests\Generators\ControllerGenTest" classname="San.Crud.Tests.Generators.ControllerGenTest" file="/home/san/laravel/plugins/laravel-crud/tests/Generators/ControllerGenTest.php" line="123" assertions="3" time="0.026928"/>
      <testcase name="testGetPager" class="San\Crud\Tests\Generators\ControllerGenTest" classname="San.Crud.Tests.Generators.ControllerGenTest" file="/home/san/laravel/plugins/laravel-crud/tests/Generators/ControllerGenTest.php" line="133" assertions="2" time="0.026863"/>
      <testcase name="testGetControllerParentArgs" class="San\Crud\Tests\Generators\ControllerGenTest" classname="San.Crud.Tests.Generators.ControllerGenTest" file="/home/san/laravel/plugins/laravel-crud/tests/Generators/ControllerGenTest.php" line="139" assertions="3" time="0.027088"/>
      <testcase name="testGetFindById" class="San\Crud\Tests\Generators\ControllerGenTest" classname="San.Crud.Tests.Generators.ControllerGenTest" file="/home/san/laravel/plugins/laravel-crud/tests/Generators/ControllerGenTest.php" line="149" assertions="2" time="0.027101"/>
    </testsuite>
    <testsuite name="San\Crud\Tests\Generators\ModelGenTest" file="/home/san/laravel/plugins/laravel-crud/tests/Generators/ModelGenTest.php" tests="7" assertions="16" errors="0" warnings="0" failures="0" skipped="0" time="0.197759">
      <testcase name="testGetHasMany" class="San\Crud\Tests\Generators\ModelGenTest" classname="San.Crud.Tests.Generators.ModelGenTest" file="/home/san/laravel/plugins/laravel-crud/tests/Generators/ModelGenTest.php" line="10" assertions="2" time="0.029816"/>
      <testcase name="testGetCasts" class="San\Crud\Tests\Generators\ModelGenTest" classname="San.Crud.Tests.Generators.ModelGenTest" file="/home/san/laravel/plugins/laravel-crud/tests/Generators/ModelGenTest.php" line="16" assertions="2" time="0.031869"/>
      <testcase name="testGetFillable" class="San\Crud\Tests\Generators\ModelGenTest" classname="San.Crud.Tests.Generators.ModelGenTest" file="/home/san/laravel/plugins/laravel-crud/tests/Generators/ModelGenTest.php" line="28" assertions="3" time="0.027772"/>
      <testcase name="testGetModelName" class="San\Crud\Tests\Generators\ModelGenTest" classname="San.Crud.Tests.Generators.ModelGenTest" file="/home/san/laravel/plugins/laravel-crud/tests/Generators/ModelGenTest.php" line="38" assertions="2" time="0.027186"/>
      <testcase name="testGetBelongsTo" class="San\Crud\Tests\Generators\ModelGenTest" classname="San.Crud.Tests.Generators.ModelGenTest" file="/home/san/laravel/plugins/laravel-crud/tests/Generators/ModelGenTest.php" line="44" assertions="2" time="0.027100"/>
      <testcase name="testGetSoftDelete" class="San\Crud\Tests\Generators\ModelGenTest" classname="San.Crud.Tests.Generators.ModelGenTest" file="/home/san/laravel/plugins/laravel-crud/tests/Generators/ModelGenTest.php" line="50" assertions="3" time="0.027879"/>
      <testcase name="testGetUsesModels" class="San\Crud\Tests\Generators\ModelGenTest" classname="San.Crud.Tests.Generators.ModelGenTest" file="/home/san/laravel/plugins/laravel-crud/tests/Generators/ModelGenTest.php" line="60" assertions="2" time="0.026137"/>
    </testsuite>
    <testsuite name="San\Crud\Tests\Generators\PolicyGenTest" file="/home/san/laravel/plugins/laravel-crud/tests/Generators/PolicyGenTest.php" tests="12" assertions="24" errors="0" warnings="0" failures="0" skipped="0" time="0.321720">
      <testcase name="testGetUsesPolicies" class="San\Crud\Tests\Generators\PolicyGenTest" classname="San.Crud.Tests.Generators.PolicyGenTest" file="/home/san/laravel/plugins/laravel-crud/tests/Generators/PolicyGenTest.php" line="10" assertions="2" time="0.026377"/>
      <testcase name="testGetControllerPolicy" class="San\Crud\Tests\Generators\PolicyGenTest" classname="San.Crud.Tests.Generators.PolicyGenTest" file="/home/san/laravel/plugins/laravel-crud/tests/Generators/PolicyGenTest.php" line="16" assertions="2" time="0.026385"/>
      <testcase name="testGetPolicyWriteArgs" class="San\Crud\Tests\Generators\PolicyGenTest" classname="San.Crud.Tests.Generators.PolicyGenTest" file="/home/san/laravel/plugins/laravel-crud/tests/Generators/PolicyGenTest.php" line="22" assertions="2" time="0.028175"/>
      <testcase name="testGetPolicyReadArgs" class="San\Crud\Tests\Generators\PolicyGenTest" classname="San.Crud.Tests.Generators.PolicyGenTest" file="/home/san/laravel/plugins/laravel-crud/tests/Generators/PolicyGenTest.php" line="28" assertions="2" time="0.027217"/>
      <testcase name="testGetPolicyReadRules" class="San\Crud\Tests\Generators\PolicyGenTest" classname="San.Crud.Tests.Generators.PolicyGenTest" file="/home/san/laravel/plugins/laravel-crud/tests/Generators/PolicyGenTest.php" line="34" assertions="2" time="0.026799"/>
      <testcase name="testGetParentAuthorization" class="San\Crud\Tests\Generators\PolicyGenTest" classname="San.Crud.Tests.Generators.PolicyGenTest" file="/home/san/laravel/plugins/laravel-crud/tests/Generators/PolicyGenTest.php" line="41" assertions="2" time="0.026817"/>
      <testcase name="testGetPolicyRules" class="San\Crud\Tests\Generators\PolicyGenTest" classname="San.Crud.Tests.Generators.PolicyGenTest" file="/home/san/laravel/plugins/laravel-crud/tests/Generators/PolicyGenTest.php" line="47" assertions="2" time="0.026983"/>
      <testcase name="testGetPolicyWriteRules" class="San\Crud\Tests\Generators\PolicyGenTest" classname="San.Crud.Tests.Generators.PolicyGenTest" file="/home/san/laravel/plugins/laravel-crud/tests/Generators/PolicyGenTest.php" line="53" assertions="2" time="0.026659"/>
      <testcase name="testGetModelAuthorization" class="San\Crud\Tests\Generators\PolicyGenTest" classname="San.Crud.Tests.Generators.PolicyGenTest" file="/home/san/laravel/plugins/laravel-crud/tests/Generators/PolicyGenTest.php" line="59" assertions="2" time="0.026601"/>
      <testcase name="testGetPolicyAuthorization" class="San\Crud\Tests\Generators\PolicyGenTest" classname="San.Crud.Tests.Generators.PolicyGenTest" file="/home/san/laravel/plugins/laravel-crud/tests/Generators/PolicyGenTest.php" line="65" assertions="2" time="0.026172"/>
      <testcase name="testGetPolicyName" class="San\Crud\Tests\Generators\PolicyGenTest" classname="San.Crud.Tests.Generators.PolicyGenTest" file="/home/san/laravel/plugins/laravel-crud/tests/Generators/PolicyGenTest.php" line="71" assertions="2" time="0.026858"/>
      <testcase name="testGetPolicyArgs" class="San\Crud\Tests\Generators\PolicyGenTest" classname="San.Crud.Tests.Generators.PolicyGenTest" file="/home/san/laravel/plugins/laravel-crud/tests/Generators/PolicyGenTest.php" line="77" assertions="2" time="0.026677"/>
    </testsuite>
    <testsuite name="San\Crud\Tests\Generators\RouteGenTest" file="/home/san/laravel/plugins/laravel-crud/tests/Generators/RouteGenTest.php" tests="11" assertions="32" errors="0" warnings="0" failures="0" skipped="0" time="0.296900">
      <testcase name="testGetRouteUrlWithPlaceholders" class="San\Crud\Tests\Generators\RouteGenTest" classname="San.Crud.Tests.Generators.RouteGenTest" file="/home/san/laravel/plugins/laravel-crud/tests/Generators/RouteGenTest.php" line="10" assertions="2" time="0.027649"/>
      <testcase name="testGetParentRouteName" class="San\Crud\Tests\Generators\RouteGenTest" classname="San.Crud.Tests.Generators.RouteGenTest" file="/home/san/laravel/plugins/laravel-crud/tests/Generators/RouteGenTest.php" line="16" assertions="3" time="0.026993"/>
      <testcase name="testGetRouteName" class="San\Crud\Tests\Generators\RouteGenTest" classname="San.Crud.Tests.Generators.RouteGenTest" file="/home/san/laravel/plugins/laravel-crud/tests/Generators/RouteGenTest.php" line="26" assertions="3" time="0.026382"/>
      <testcase name="testGetRouteUrl" class="San\Crud\Tests\Generators\RouteGenTest" classname="San.Crud.Tests.Generators.RouteGenTest" file="/home/san/laravel/plugins/laravel-crud/tests/Generators/RouteGenTest.php" line="36" assertions="3" time="0.027005"/>
      <testcase name="testGetParentRouteUrlWithPlaceholders" class="San\Crud\Tests\Generators\RouteGenTest" classname="San.Crud.Tests.Generators.RouteGenTest" file="/home/san/laravel/plugins/laravel-crud/tests/Generators/RouteGenTest.php" line="46" assertions="3" time="0.026122"/>
      <testcase name="testGetRouteVars" class="San\Crud\Tests\Generators\RouteGenTest" classname="San.Crud.Tests.Generators.RouteGenTest" file="/home/san/laravel/plugins/laravel-crud/tests/Generators/RouteGenTest.php" line="56" assertions="3" time="0.027367"/>
      <testcase name="testGetRouteUrlWithId" class="San\Crud\Tests\Generators\RouteGenTest" classname="San.Crud.Tests.Generators.RouteGenTest" file="/home/san/laravel/plugins/laravel-crud/tests/Generators/RouteGenTest.php" line="66" assertions="3" time="0.026788"/>
      <testcase name="testGetParentRouteUrl" class="San\Crud\Tests\Generators\RouteGenTest" classname="San.Crud.Tests.Generators.RouteGenTest" file="/home/san/laravel/plugins/laravel-crud/tests/Generators/RouteGenTest.php" line="76" assertions="3" time="0.026984"/>
      <testcase name="testGetRouteVarsWithId" class="San\Crud\Tests\Generators\RouteGenTest" classname="San.Crud.Tests.Generators.RouteGenTest" file="/home/san/laravel/plugins/laravel-crud/tests/Generators/RouteGenTest.php" line="86" assertions="3" time="0.026595"/>
      <testcase name="testGetAsRoute" class="San\Crud\Tests\Generators\RouteGenTest" classname="San.Crud.Tests.Generators.RouteGenTest" file="/home/san/laravel/plugins/laravel-crud/tests/Generators/RouteGenTest.php" line="96" assertions="3" time="0.027790"/>
      <testcase name="testGetUrlWithPlaceholders" class="San\Crud\Tests\Generators\RouteGenTest" classname="San.Crud.Tests.Generators.RouteGenTest" file="/home/san/laravel/plugins/laravel-crud/tests/Generators/RouteGenTest.php" line="106" assertions="3" time="0.027227"/>
    </testsuite>
    <testsuite name="San\Crud\Tests\Generators\TemplatesTest" file="/home/san/laravel/plugins/laravel-crud/tests/Generators/TemplatesTest.php" tests="4" assertions="9" errors="0" warnings="0" failures="0" skipped="0" time="0.113485">
      <testcase name="testInvalidPath" class="San\Crud\Tests\Generators\TemplatesTest" classname="San.Crud.Tests.Generators.TemplatesTest" file="/home/san/laravel/plugins/laravel-crud/tests/Generators/TemplatesTest.php" line="9" assertions="2" time="0.027954"/>
      <testcase name="testGetStubs" class="San\Crud\Tests\Generators\TemplatesTest" classname="San.Crud.Tests.Generators.TemplatesTest" file="/home/san/laravel/plugins/laravel-crud/tests/Generators/TemplatesTest.php" line="14" assertions="2" time="0.027687"/>
      <testcase name="testGetFirstStub" class="San\Crud\Tests\Generators\TemplatesTest" classname="San.Crud.Tests.Generators.TemplatesTest" file="/home/san/laravel/plugins/laravel-crud/tests/Generators/TemplatesTest.php" line="20" assertions="2" time="0.030988"/>
      <testcase name="testGetDest" class="San\Crud\Tests\Generators\TemplatesTest" classname="San.Crud.Tests.Generators.TemplatesTest" file="/home/san/laravel/plugins/laravel-crud/tests/Generators/TemplatesTest.php" line="26" assertions="3" time="0.026857"/>
    </testsuite>
    <testsuite name="San\Crud\Tests\Generators\ViewGenTest" file="/home/san/laravel/plugins/laravel-crud/tests/Generators/ViewGenTest.php" tests="3" assertions="12" errors="0" warnings="0" failures="0" skipped="0" time="0.089486">
      <testcase name="testGenIndex" class="San\Crud\Tests\Generators\ViewGenTest" classname="San.Crud.Tests.Generators.ViewGenTest" file="/home/san/laravel/plugins/laravel-crud/tests/Generators/ViewGenTest.php" line="16" assertions="5" time="0.032852"/>
      <testcase name="testGenForm" class="San\Crud\Tests\Generators\ViewGenTest" classname="San.Crud.Tests.Generators.ViewGenTest" file="/home/san/laravel/plugins/laravel-crud/tests/Generators/ViewGenTest.php" line="28" assertions="3" time="0.029513"/>
      <testcase name="testGetBreadcrumbs" class="San\Crud\Tests\Generators\ViewGenTest" classname="San.Crud.Tests.Generators.ViewGenTest" file="/home/san/laravel/plugins/laravel-crud/tests/Generators/ViewGenTest.php" line="36" assertions="4" time="0.027121"/>
    </testsuite>
    <testsuite name="San\Crud\Tests\Utils\FileUtilsTest" file="/home/san/laravel/plugins/laravel-crud/tests/Utils/FileUtilsTest.php" tests="2" assertions="6" errors="0" warnings="0" failures="0" skipped="0" time="0.055703">
      <testcase name="testGetFiles" class="San\Crud\Tests\Utils\FileUtilsTest" classname="San.Crud.Tests.Utils.FileUtilsTest" file="/home/san/laravel/plugins/laravel-crud/tests/Utils/FileUtilsTest.php" line="10" assertions="3" time="0.028573"/>
      <testcase name="testWriteFile" class="San\Crud\Tests\Utils\FileUtilsTest" classname="San.Crud.Tests.Utils.FileUtilsTest" file="/home/san/laravel/plugins/laravel-crud/tests/Utils/FileUtilsTest.php" line="16" assertions="3" time="0.027130"/>
    </testsuite>
    <testsuite name="San\Crud\Tests\Utils\NameUtilsTest" file="/home/san/laravel/plugins/laravel-crud/tests/Utils/NameUtilsTest.php" tests="8" assertions="25" errors="0" warnings="0" failures="0" skipped="0" time="0.213835">
      <testcase name="testGetVariableNamePlural" class="San\Crud\Tests\Utils\NameUtilsTest" classname="San.Crud.Tests.Utils.NameUtilsTest" file="/home/san/laravel/plugins/laravel-crud/tests/Utils/NameUtilsTest.php" line="10" assertions="3" time="0.026121"/>
      <testcase name="testGetVariableName" class="San\Crud\Tests\Utils\NameUtilsTest" classname="San.Crud.Tests.Utils.NameUtilsTest" file="/home/san/laravel/plugins/laravel-crud/tests/Utils/NameUtilsTest.php" line="15" assertions="3" time="0.025957"/>
      <testcase name="testGetPolicyName" class="San\Crud\Tests\Utils\NameUtilsTest" classname="San.Crud.Tests.Utils.NameUtilsTest" file="/home/san/laravel/plugins/laravel-crud/tests/Utils/NameUtilsTest.php" line="20" assertions="3" time="0.027731"/>
      <testcase name="testStudlyCase" class="San\Crud\Tests\Utils\NameUtilsTest" classname="San.Crud.Tests.Utils.NameUtilsTest" file="/home/san/laravel/plugins/laravel-crud/tests/Utils/NameUtilsTest.php" line="25" assertions="3" time="0.026798"/>
      <testcase name="testGetModelName" class="San\Crud\Tests\Utils\NameUtilsTest" classname="San.Crud.Tests.Utils.NameUtilsTest" file="/home/san/laravel/plugins/laravel-crud/tests/Utils/NameUtilsTest.php" line="30" assertions="3" time="0.027028"/>
      <testcase name="testGetControllerName" class="San\Crud\Tests\Utils\NameUtilsTest" classname="San.Crud.Tests.Utils.NameUtilsTest" file="/home/san/laravel/plugins/laravel-crud/tests/Utils/NameUtilsTest.php" line="35" assertions="3" time="0.026903"/>
      <testcase name="testTitleCase" class="San\Crud\Tests\Utils\NameUtilsTest" classname="San.Crud.Tests.Utils.NameUtilsTest" file="/home/san/laravel/plugins/laravel-crud/tests/Utils/NameUtilsTest.php" line="40" assertions="3" time="0.026440"/>
      <testcase name="testGetRouteName" class="San\Crud\Tests\Utils\NameUtilsTest" classname="San.Crud.Tests.Utils.NameUtilsTest" file="/home/san/laravel/plugins/laravel-crud/tests/Utils/NameUtilsTest.php" line="45" assertions="4" time="0.026855"/>
    </testsuite>
    <testsuite name="San\Crud\Tests\Utils\SchemaUtilsTest" file="/home/san/laravel/plugins/laravel-crud/tests/Utils/SchemaUtilsTest.php" tests="8" assertions="27" errors="0" warnings="0" failures="0" skipped="0" time="0.219752">
      <testcase name="testHasTimestamps" class="San\Crud\Tests\Utils\SchemaUtilsTest" classname="San.Crud.Tests.Utils.SchemaUtilsTest" file="/home/san/laravel/plugins/laravel-crud/tests/Utils/SchemaUtilsTest.php" line="9" assertions="3" time="0.027490"/>
      <testcase name="testFirstHumanReadableField" class="San\Crud\Tests\Utils\SchemaUtilsTest" classname="San.Crud.Tests.Utils.SchemaUtilsTest" file="/home/san/laravel/plugins/laravel-crud/tests/Utils/SchemaUtilsTest.php" line="14" assertions="2" time="0.028033"/>
      <testcase name="testHasTable" class="San\Crud\Tests\Utils\SchemaUtilsTest" classname="San.Crud.Tests.Utils.SchemaUtilsTest" file="/home/san/laravel/plugins/laravel-crud/tests/Utils/SchemaUtilsTest.php" line="18" assertions="3" time="0.027577"/>
      <testcase name="testGetTables" class="San\Crud\Tests\Utils\SchemaUtilsTest" classname="San.Crud.Tests.Utils.SchemaUtilsTest" file="/home/san/laravel/plugins/laravel-crud/tests/Utils/SchemaUtilsTest.php" line="23" assertions="5" time="0.027766"/>
      <testcase name="testGetTableFields" class="San\Crud\Tests\Utils\SchemaUtilsTest" classname="San.Crud.Tests.Utils.SchemaUtilsTest" file="/home/san/laravel/plugins/laravel-crud/tests/Utils/SchemaUtilsTest.php" line="31" assertions="5" time="0.027208"/>
      <testcase name="testGetTableFieldsWithIds" class="San\Crud\Tests\Utils\SchemaUtilsTest" classname="San.Crud.Tests.Utils.SchemaUtilsTest" file="/home/san/laravel/plugins/laravel-crud/tests/Utils/SchemaUtilsTest.php" line="41" assertions="4" time="0.027511"/>
      <testcase name="testGetUserIdField" class="San\Crud\Tests\Utils\SchemaUtilsTest" classname="San.Crud.Tests.Utils.SchemaUtilsTest" file="/home/san/laravel/plugins/laravel-crud/tests/Utils/SchemaUtilsTest.php" line="49" assertions="2" time="0.026837"/>
      <testcase name="testHasSoftDelete" class="San\Crud\Tests\Utils\SchemaUtilsTest" classname="San.Crud.Tests.Utils.SchemaUtilsTest" file="/home/san/laravel/plugins/laravel-crud/tests/Utils/SchemaUtilsTest.php" line="53" assertions="3" time="0.027330"/>
    </testsuite>
    <testsuite name="San\Crud\Tests\Utils\TextUtilsTest" file="/home/san/laravel/plugins/laravel-crud/tests/Utils/TextUtilsTest.php" tests="2" assertions="5" errors="0" warnings="0" failures="0" skipped="0" time="0.053998">
      <testcase name="testReplaceBlanks" class="San\Crud\Tests\Utils\TextUtilsTest" classname="San.Crud.Tests.Utils.TextUtilsTest" file="/home/san/laravel/plugins/laravel-crud/tests/Utils/TextUtilsTest.php" line="10" assertions="3" time="0.026874"/>
      <testcase name="testArrayExport" class="San\Crud\Tests\Utils\TextUtilsTest" classname="San.Crud.Tests.Utils.TextUtilsTest" file="/home/san/laravel/plugins/laravel-crud/tests/Utils/TextUtilsTest.php" line="18" assertions="2" time="0.027124"/>
    </testsuite>
  </testsuite>
</testsuites>
